#-----------------------------------------------------------
# PlanAhead v14.7 (64-bit)
# Build 321239 by xbuild on Fri Sep 27 19:24:36 MDT 2013
# Start of session at: Wed Nov 29 07:18:28 2023
# Process ID: 3938
# Log file: /home/ise/cuoiky1/planAhead_run_1/planAhead.log
# Journal file: /home/ise/cuoiky1/planAhead_run_1/planAhead.jou
#-----------------------------------------------------------
INFO: [Common 17-78] Attempting to get a license: PlanAhead
INFO: [Common 17-290] Got license for PlanAhead
INFO: [Common 17-86] Your PlanAhead license expires in -2404 day(s)
INFO: [Device 21-36] Loading parts and site information from /opt/Xilinx/14.7/ISE_DS/PlanAhead/data/parts/arch.xml
Parsing RTL primitives file [/opt/Xilinx/14.7/ISE_DS/PlanAhead/data/parts/xilinx/rtl/prims/rtl_prims.xml]
Finished parsing RTL primitives file [/opt/Xilinx/14.7/ISE_DS/PlanAhead/data/parts/xilinx/rtl/prims/rtl_prims.xml]
start_gui
source /home/ise/cuoiky1/pa.fromHdl.tcl
# create_project -name cuoiky1 -dir "/home/ise/cuoiky1/planAhead_run_1" -part xc3s500efg320-4
# set_param project.pinAheadLayout yes
# set srcset [get_property srcset [current_run -impl]]
# set_property target_constrs_file "modultop.ucf" [current_fileset -constrset]
Adding file '/home/ise/cuoiky1/modultop.ucf' to fileset 'constrs_1'
# set hdlfile [add_files [list {tanso5hz.v}]]
# set_property file_type Verilog $hdlfile
# set_property library work $hdlfile
# set hdlfile [add_files [list {tanso2hz.v}]]
# set_property file_type Verilog $hdlfile
# set_property library work $hdlfile
# set hdlfile [add_files [list {tanso10hz.v}]]
# set_property file_type Verilog $hdlfile
# set_property library work $hdlfile
# set hdlfile [add_files [list {add3.v}]]
# set_property file_type Verilog $hdlfile
# set_property library work $hdlfile
# set hdlfile [add_files [list {LCD.v}]]
# set_property file_type Verilog $hdlfile
# set_property library work $hdlfile
# set hdlfile [add_files [list {HEX_to_BCD.v}]]
# set_property file_type Verilog $hdlfile
# set_property library work $hdlfile
# set hdlfile [add_files [list {divxung.v}]]
# set_property file_type Verilog $hdlfile
# set_property library work $hdlfile
# set hdlfile [add_files [list {DICHLED.v}]]
# set_property file_type Verilog $hdlfile
# set_property library work $hdlfile
# set hdlfile [add_files [list {btn.v}]]
# set_property file_type Verilog $hdlfile
# set_property library work $hdlfile
# set hdlfile [add_files [list {blink.v}]]
# set_property file_type Verilog $hdlfile
# set_property library work $hdlfile
# set hdlfile [add_files [list {modultop.v}]]
# set_property file_type Verilog $hdlfile
# set_property library work $hdlfile
# set_property top modultop $srcset
# add_files [list {modultop.ucf}] -fileset [get_property constrset [current_run]]
# open_rtl_design -part xc3s500efg320-4
Using Verific elaboration
Parsing VHDL file "/opt/Xilinx/14.7/ISE_DS/PlanAhead/data/parts/xilinx/rtl/lib/synplify/synattr.vhd" into library synplify
Analyzing Verilog file "/home/ise/cuoiky1/tanso5hz.v" into library work
Analyzing Verilog file "/home/ise/cuoiky1/tanso2hz.v" into library work
Analyzing Verilog file "/home/ise/cuoiky1/tanso10hz.v" into library work
Analyzing Verilog file "/home/ise/cuoiky1/add3.v" into library work
Analyzing Verilog file "/home/ise/cuoiky1/LCD.v" into library work
Analyzing Verilog file "/home/ise/cuoiky1/HEX_to_BCD.v" into library work
Analyzing Verilog file "/home/ise/cuoiky1/divxung.v" into library work
Analyzing Verilog file "/home/ise/cuoiky1/DICHLED.v" into library work
Analyzing Verilog file "/home/ise/cuoiky1/btn.v" into library work
Analyzing Verilog file "/home/ise/cuoiky1/blink.v" into library work
Analyzing Verilog file "/home/ise/cuoiky1/modultop.v" into library work
INFO: [Designutils 20-910] Reading macro library /opt/Xilinx/14.7/ISE_DS/PlanAhead/data/./parts/xilinx/spartan3e/spartan3e/hd_int_macros.edn
Parsing EDIF File [/opt/Xilinx/14.7/ISE_DS/PlanAhead/data/./parts/xilinx/spartan3e/spartan3e/hd_int_macros.edn]
Finished Parsing EDIF File [/opt/Xilinx/14.7/ISE_DS/PlanAhead/data/./parts/xilinx/spartan3e/spartan3e/hd_int_macros.edn]
Loading clock regions from /opt/Xilinx/14.7/ISE_DS/PlanAhead/data/parts/xilinx/spartan3e/spartan3e/xc3s500e/ClockRegion.xml
Loading clock buffers from /opt/Xilinx/14.7/ISE_DS/PlanAhead/data/parts/xilinx/spartan3e/spartan3e/xc3s500e/ClockBuffers.xml
Loading package from /opt/Xilinx/14.7/ISE_DS/PlanAhead/data/parts/xilinx/spartan3e/spartan3e/xc3s500e/fg320/Package.xml
Loading io standards from /opt/Xilinx/14.7/ISE_DS/PlanAhead/data/./parts/xilinx/spartan3e/IOStandards.xml
INFO: [Device 21-19] Loading pkg sso from /opt/Xilinx/14.7/ISE_DS/PlanAhead/data/parts/xilinx/spartan3e/spartan3e/xc3s500e/fg320/SSORules.xml
Loading list of drcs for the architecture : /opt/Xilinx/14.7/ISE_DS/PlanAhead/data/./parts/xilinx/spartan3e/spartan3e/drc.xml
INFO: [Timing 38-77] Reading timing library /opt/Xilinx/14.7/ISE_DS/PlanAhead/data/parts/xilinx/spartan3e/spartan3e/spartan3e-4.lib.
INFO: [Timing 38-34] Done reading timing library /opt/Xilinx/14.7/ISE_DS/PlanAhead/data/parts/xilinx/spartan3e/spartan3e/spartan3e-4.lib.
Parsing UCF File [/home/ise/cuoiky1/modultop.ucf]
Finished Parsing UCF File [/home/ise/cuoiky1/modultop.ucf]
INFO: [Project 1-111] Unisim Transformation Summary:
No Unisim elements were transformed.

Phase 0 | Netlist Checksum: 9765231b
open_rtl_design: Time (s): cpu = 00:00:05 ; elapsed = 00:00:06 . Memory (MB): peak = 2753.824 ; gain = 84.898
update_compile_order -fileset sim_1
startgroup
set_property package_pin N17 [get_ports {LED[7]}]
endgroup
startgroup
set_property package_pin H18 [get_ports {LED[6]}]
endgroup
set_property package_pin "" [get_ports [list  {LED[5]}]]
startgroup
set_property package_pin F9 [get_ports {LED[7]}]
endgroup
startgroup
set_property package_pin E9 [get_ports {LED[6]}]
endgroup
startgroup
set_property package_pin D11 [get_ports {LED[5]}]
endgroup
startgroup
set_property package_pin C11 [get_ports {LED[4]}]
endgroup
startgroup
set_property package_pin F11 [get_ports {LED[3]}]
endgroup
startgroup
set_property package_pin E11 [get_ports {LED[2]}]
endgroup
startgroup
set_property package_pin E12 [get_ports {LED[1]}]
endgroup
startgroup
set_property package_pin F12 [get_ports {LED[0]}]
endgroup
startgroup
set_property package_pin N17 [get_ports {speed[1]}]
endgroup
startgroup
set_property package_pin H18 [get_ports {speed[0]}]
endgroup
exit
ERROR: [#UNDEF] *** Exception: ui.h.b: Found deleted key in HTclEventBroker. Verify if the classes listed here call cleanup()
HTclEvent: SIGNAL_MODIFY   Classes: ui.views.aR 
HTclEvent: DEBUG_CORE_CONFIG_CHANGE   Classes: ui.views.aR 
HTclEvent: SIGNAL_BUS_MODIFY   Classes: ui.views.aR 
HTclEvent: DEBUG_PORT_CONFIG_CHANGE   Classes: ui.views.aR 
 (See /home/ise/cuoiky1/planAhead_pid3938.debug)
ERROR: [Common 17-39] 'stop_gui' failed due to earlier errors.
INFO: [Common 17-206] Exiting PlanAhead at Wed Nov 29 07:21:08 2023...
INFO: [Common 17-83] Releasing license: PlanAhead
